[debug] [2022-04-23T12:13:16.879Z] ----------------------------------------------------------------------
[debug] [2022-04-23T12:13:16.884Z] Command:       C:\Program Files\nodejs\node.exe C:\Users\tasfi\AppData\Roaming\npm\node_modules\firebase-tools\lib\bin\firebase.js deploy
[debug] [2022-04-23T12:13:16.885Z] CLI Version:   10.6.0
[debug] [2022-04-23T12:13:16.885Z] Platform:      win32
[debug] [2022-04-23T12:13:16.885Z] Node Version:  v14.17.3
[debug] [2022-04-23T12:13:16.886Z] Time:          Sat Apr 23 2022 18:13:16 GMT+0600 (Bangladesh Standard Time)
[debug] [2022-04-23T12:13:16.886Z] ----------------------------------------------------------------------
[debug] 
[debug] [2022-04-23T12:13:16.907Z] >>> [apiv2][query] GET https://firebase-public.firebaseio.com/cli.json [none]
[debug] [2022-04-23T12:13:17.326Z] > command requires scopes: ["email","openid","https://www.googleapis.com/auth/cloudplatformprojects.readonly","https://www.googleapis.com/auth/firebase","https://www.googleapis.com/auth/cloud-platform"]
[debug] [2022-04-23T12:13:17.326Z] > authorizing via signed-in user (tasfiqulazad33@gmail.com)
[debug] [2022-04-23T12:13:17.326Z] [iam] checking project niche-project-drone for permissions ["firebase.projects.get","firebasehosting.sites.update"]
[debug] [2022-04-23T12:13:17.327Z] > refreshing access token with scopes: []
[debug] [2022-04-23T12:13:17.328Z] >>> HTTP REQUEST POST https://www.googleapis.com/oauth2/v3/token  
 <request body omitted>
[debug] [2022-04-23T12:13:17.669Z] <<< HTTP RESPONSE 200 {"expires":"Mon, 01 Jan 1990 00:00:00 GMT","cache-control":"no-cache, no-store, max-age=0, must-revalidate","date":"Sat, 23 Apr 2022 12:13:17 GMT","pragma":"no-cache","content-type":"application/json; charset=utf-8","vary":"X-Origin, Referer, Origin,Accept-Encoding","server":"scaffolding on HTTPServer2","x-xss-protection":"0","x-frame-options":"SAMEORIGIN","x-content-type-options":"nosniff","alt-svc":"h3=\":443\"; ma=2592000,h3-29=\":443\"; ma=2592000,h3-Q050=\":443\"; ma=2592000,h3-Q046=\":443\"; ma=2592000,h3-Q043=\":443\"; ma=2592000,quic=\":443\"; ma=2592000; v=\"46,43\"","accept-ranges":"none","transfer-encoding":"chunked"}
[debug] [2022-04-23T12:13:18.881Z] >>> [apiv2][query] POST https://cloudresourcemanager.googleapis.com/v1/projects/niche-project-drone:testIamPermissions [none]
[debug] [2022-04-23T12:13:18.882Z] >>> [apiv2][body] POST https://cloudresourcemanager.googleapis.com/v1/projects/niche-project-drone:testIamPermissions {"permissions":["firebase.projects.get","firebasehosting.sites.update"]}
[debug] [2022-04-23T12:13:19.781Z] <<< [apiv2][status] GET https://firebase-public.firebaseio.com/cli.json 200
[debug] [2022-04-23T12:13:19.781Z] <<< [apiv2][body] GET https://firebase-public.firebaseio.com/cli.json {"cloudBuildErrorAfter":1594252800000,"cloudBuildWarnAfter":1590019200000,"defaultNode10After":1594252800000,"minVersion":"3.0.5","node8DeploysDisabledAfter":1613390400000,"node8RuntimeDisabledAfter":1615809600000,"node8WarnAfter":1600128000000}
[debug] [2022-04-23T12:13:20.825Z] <<< [apiv2][status] POST https://cloudresourcemanager.googleapis.com/v1/projects/niche-project-drone:testIamPermissions 200
[debug] [2022-04-23T12:13:20.826Z] <<< [apiv2][body] POST https://cloudresourcemanager.googleapis.com/v1/projects/niche-project-drone:testIamPermissions {}
[debug] [2022-04-23T12:13:20.826Z] [iam] error while checking permissions, command may fail: FirebaseError: Authorization failed. This account is missing the following required permissions on project niche-project-drone:

  firebase.projects.get
  firebasehosting.sites.update
[debug] [2022-04-23T12:13:20.827Z] >>> [apiv2][query] GET https://firebase.googleapis.com/v1beta1/projects/niche-project-drone [none]
[debug] [2022-04-23T12:13:21.684Z] <<< [apiv2][status] GET https://firebase.googleapis.com/v1beta1/projects/niche-project-drone 403
[debug] [2022-04-23T12:13:21.684Z] <<< [apiv2][body] GET https://firebase.googleapis.com/v1beta1/projects/niche-project-drone {"error":{"code":403,"message":"The caller does not have permission","status":"PERMISSION_DENIED"}}
[debug] [2022-04-23T12:13:21.685Z] HTTP Error: 403, The caller does not have permission
[debug] [2022-04-23T12:13:21.991Z] FirebaseError: HTTP Error: 403, The caller does not have permission
    at module.exports (C:\Users\tasfi\AppData\Roaming\npm\node_modules\firebase-tools\lib\responseToError.js:47:12)
    at RetryOperation._fn (C:\Users\tasfi\AppData\Roaming\npm\node_modules\firebase-tools\lib\apiv2.js:286:39)
    at processTicksAndRejections (internal/process/task_queues.js:95:5)
[error] 
[error] Error: Failed to get Firebase project niche-project-drone. Please make sure the project exists and your account has permission to access it.
[debug] [2022-04-23T12:16:06.063Z] ----------------------------------------------------------------------
[debug] [2022-04-23T12:16:06.065Z] Command:       C:\Program Files\nodejs\node.exe C:\Users\tasfi\AppData\Roaming\npm\node_modules\firebase-tools\lib\bin\firebase.js deploy
[debug] [2022-04-23T12:16:06.065Z] CLI Version:   10.6.0
[debug] [2022-04-23T12:16:06.065Z] Platform:      win32
[debug] [2022-04-23T12:16:06.065Z] Node Version:  v14.17.3
[debug] [2022-04-23T12:16:06.066Z] Time:          Sat Apr 23 2022 18:16:06 GMT+0600 (Bangladesh Standard Time)
[debug] [2022-04-23T12:16:06.066Z] ----------------------------------------------------------------------
[debug] 
[debug] [2022-04-23T12:16:06.135Z] > command requires scopes: ["email","openid","https://www.googleapis.com/auth/cloudplatformprojects.readonly","https://www.googleapis.com/auth/firebase","https://www.googleapis.com/auth/cloud-platform"]
[debug] [2022-04-23T12:16:06.135Z] > authorizing via signed-in user (tasfiqulazad33@gmail.com)
[debug] [2022-04-23T12:16:06.135Z] [iam] checking project niche-project-drone for permissions ["firebase.projects.get","firebasehosting.sites.update"]
[debug] [2022-04-23T12:16:06.138Z] >>> [apiv2][query] POST https://cloudresourcemanager.googleapis.com/v1/projects/niche-project-drone:testIamPermissions [none]
[debug] [2022-04-23T12:16:06.138Z] >>> [apiv2][body] POST https://cloudresourcemanager.googleapis.com/v1/projects/niche-project-drone:testIamPermissions {"permissions":["firebase.projects.get","firebasehosting.sites.update"]}
[debug] [2022-04-23T12:16:07.844Z] <<< [apiv2][status] POST https://cloudresourcemanager.googleapis.com/v1/projects/niche-project-drone:testIamPermissions 200
[debug] [2022-04-23T12:16:07.844Z] <<< [apiv2][body] POST https://cloudresourcemanager.googleapis.com/v1/projects/niche-project-drone:testIamPermissions {}
[debug] [2022-04-23T12:16:07.845Z] [iam] error while checking permissions, command may fail: FirebaseError: Authorization failed. This account is missing the following required permissions on project niche-project-drone:

  firebase.projects.get
  firebasehosting.sites.update
[debug] [2022-04-23T12:16:07.846Z] >>> [apiv2][query] GET https://firebase.googleapis.com/v1beta1/projects/niche-project-drone [none]
[debug] [2022-04-23T12:16:08.495Z] <<< [apiv2][status] GET https://firebase.googleapis.com/v1beta1/projects/niche-project-drone 403
[debug] [2022-04-23T12:16:08.495Z] <<< [apiv2][body] GET https://firebase.googleapis.com/v1beta1/projects/niche-project-drone {"error":{"code":403,"message":"The caller does not have permission","status":"PERMISSION_DENIED"}}
[debug] [2022-04-23T12:16:08.498Z] HTTP Error: 403, The caller does not have permission
[debug] [2022-04-23T12:16:08.786Z] FirebaseError: HTTP Error: 403, The caller does not have permission
    at module.exports (C:\Users\tasfi\AppData\Roaming\npm\node_modules\firebase-tools\lib\responseToError.js:47:12)
    at RetryOperation._fn (C:\Users\tasfi\AppData\Roaming\npm\node_modules\firebase-tools\lib\apiv2.js:286:39)
    at processTicksAndRejections (internal/process/task_queues.js:95:5)
[error] 
[error] Error: Failed to get Firebase project niche-project-drone. Please make sure the project exists and your account has permission to access it.
[debug] [2022-04-23T12:35:11.363Z] ----------------------------------------------------------------------
[debug] [2022-04-23T12:35:11.365Z] Command:       C:\Program Files\nodejs\node.exe C:\Users\tasfi\AppData\Roaming\npm\node_modules\firebase-tools\lib\bin\firebase.js deploy
[debug] [2022-04-23T12:35:11.365Z] CLI Version:   10.7.1
[debug] [2022-04-23T12:35:11.365Z] Platform:      win32
[debug] [2022-04-23T12:35:11.365Z] Node Version:  v14.17.3
[debug] [2022-04-23T12:35:11.366Z] Time:          Sat Apr 23 2022 18:35:11 GMT+0600 (Bangladesh Standard Time)
[debug] [2022-04-23T12:35:11.366Z] ----------------------------------------------------------------------
[debug] 
[debug] [2022-04-23T12:35:11.432Z] > command requires scopes: ["email","openid","https://www.googleapis.com/auth/cloudplatformprojects.readonly","https://www.googleapis.com/auth/firebase","https://www.googleapis.com/auth/cloud-platform"]
[debug] [2022-04-23T12:35:11.432Z] > authorizing via signed-in user (tasfiqulazad33@gmail.com)
[debug] [2022-04-23T12:35:11.432Z] [iam] checking project niche-project-drone for permissions ["firebase.projects.get","firebasehosting.sites.update"]
[debug] [2022-04-23T12:35:11.435Z] >>> [apiv2][query] POST https://cloudresourcemanager.googleapis.com/v1/projects/niche-project-drone:testIamPermissions [none]
[debug] [2022-04-23T12:35:11.435Z] >>> [apiv2][body] POST https://cloudresourcemanager.googleapis.com/v1/projects/niche-project-drone:testIamPermissions {"permissions":["firebase.projects.get","firebasehosting.sites.update"]}
[debug] [2022-04-23T12:35:13.256Z] <<< [apiv2][status] POST https://cloudresourcemanager.googleapis.com/v1/projects/niche-project-drone:testIamPermissions 200
[debug] [2022-04-23T12:35:13.256Z] <<< [apiv2][body] POST https://cloudresourcemanager.googleapis.com/v1/projects/niche-project-drone:testIamPermissions {}
[debug] [2022-04-23T12:35:13.257Z] [iam] error while checking permissions, command may fail: FirebaseError: Authorization failed. This account is missing the following required permissions on project niche-project-drone:

  firebase.projects.get
  firebasehosting.sites.update
[debug] [2022-04-23T12:35:13.259Z] >>> [apiv2][query] GET https://firebase.googleapis.com/v1beta1/projects/niche-project-drone [none]
[debug] [2022-04-23T12:35:13.900Z] <<< [apiv2][status] GET https://firebase.googleapis.com/v1beta1/projects/niche-project-drone 403
[debug] [2022-04-23T12:35:13.900Z] <<< [apiv2][body] GET https://firebase.googleapis.com/v1beta1/projects/niche-project-drone {"error":{"code":403,"message":"The caller does not have permission","status":"PERMISSION_DENIED"}}
[debug] [2022-04-23T12:35:13.901Z] HTTP Error: 403, The caller does not have permission
[debug] [2022-04-23T12:35:14.210Z] FirebaseError: HTTP Error: 403, The caller does not have permission
    at module.exports (C:\Users\tasfi\AppData\Roaming\npm\node_modules\firebase-tools\lib\responseToError.js:47:12)
    at RetryOperation._fn (C:\Users\tasfi\AppData\Roaming\npm\node_modules\firebase-tools\lib\apiv2.js:286:39)
    at processTicksAndRejections (internal/process/task_queues.js:95:5)
[error] 
[error] Error: Failed to get Firebase project niche-project-drone. Please make sure the project exists and your account has permission to access it.
